[debug] [2022-07-24T19:00:46.873Z] ----------------------------------------------------------------------
[debug] [2022-07-24T19:00:46.875Z] Command:       C:\Program Files\nodejs\node.exe C:\Users\Coding 2\AppData\Roaming\npm\node_modules\firebase-tools\lib\bin\firebase.js init
[debug] [2022-07-24T19:00:46.876Z] CLI Version:   11.3.0
[debug] [2022-07-24T19:00:46.876Z] Platform:      win32
[debug] [2022-07-24T19:00:46.876Z] Node Version:  v16.15.1
[debug] [2022-07-24T19:00:46.877Z] Time:          Sun Jul 24 2022 15:00:46 GMT-0400 (Eastern Daylight Time)
[debug] [2022-07-24T19:00:46.877Z] ----------------------------------------------------------------------
[debug] 
[debug] [2022-07-24T19:00:46.884Z] > command requires scopes: ["email","openid","https://www.googleapis.com/auth/cloudplatformprojects.readonly","https://www.googleapis.com/auth/firebase","https://www.googleapis.com/auth/cloud-platform"]
[debug] [2022-07-24T19:00:46.884Z] > authorizing via signed-in user (frogbirdstoad@gmail.com)
[info] 
     ######## #### ########  ######## ########     ###     ######  ########
     ##        ##  ##     ## ##       ##     ##  ##   ##  ##       ##
     ######    ##  ########  ######   ########  #########  ######  ######
     ##        ##  ##    ##  ##       ##     ## ##     ##       ## ##
     ##       #### ##     ## ######## ########  ##     ##  ######  ########

You're about to initialize a Firebase project in this directory:

  C:\Users\Coding 2\facebook-clone v.05\facebook-clone\fb-clone

[info] 
=== Project Setup
[info] 
[info] First, let's associate this project directory with a Firebase project.
[info] You can create multiple project aliases by running firebase use --add, 
[info] but for now we'll just set up a default project.
[info] 
[debug] [2022-07-24T19:03:42.010Z] >>> [apiv2][query] GET https://firebase.googleapis.com/v1beta1/projects pageSize=100
[debug] [2022-07-24T19:03:42.372Z] <<< [apiv2][status] GET https://firebase.googleapis.com/v1beta1/projects 200
[debug] [2022-07-24T19:03:42.373Z] <<< [apiv2][body] GET https://firebase.googleapis.com/v1beta1/projects [omitted]
[info] i  Using project facebook-clone-a4b28 (facebook-clone) 
[info] 
=== Hosting Setup
[info] 
[info] Your public directory is the folder (relative to your project directory) that
[info] will contain Hosting assets to be uploaded with firebase deploy. If you
[info] have a build process for your assets, use your build's output directory.
[info] 
[debug] [2022-07-24T19:06:12.742Z] >>> [apiv2][query] GET https://www.gstatic.com/firebasejs/releases.json [none]
[debug] [2022-07-24T19:06:12.855Z] <<< [apiv2][status] GET https://www.gstatic.com/firebasejs/releases.json 200
[debug] [2022-07-24T19:06:12.855Z] <<< [apiv2][body] GET https://www.gstatic.com/firebasejs/releases.json {"current":{"version":"9.9.1","browserURL":"https://www.gstatic.com/firebasejs/9.9.1/firebase.js","packageURL":"https://www.gstatic.com/firebasejs/9.9.1/firebase.tgz"},"live":{"version":"9.9","browserURL":"https://www.gstatic.com/firebasejs/live/9.9/firebase.js","packageURL":"https://www.gstatic.com/firebasejs/live/9.9/firebase.tgz"},"components":{"analytics":"https://www.gstatic.com/firebasejs/9.9.1/firebase-analytics.js","app":"https://www.gstatic.com/firebasejs/9.9.1/firebase-app.js","app-check":"https://www.gstatic.com/firebasejs/9.9.1/firebase-app-check.js","auth":"https://www.gstatic.com/firebasejs/9.9.1/firebase-auth.js","auth/cordova":"https://www.gstatic.com/firebasejs/9.9.1/firebase-auth/cordova.js","auth/react-native":"https://www.gstatic.com/firebasejs/9.9.1/firebase-auth/react-native.js","functions":"https://www.gstatic.com/firebasejs/9.9.1/firebase-functions.js","firestore":"https://www.gstatic.com/firebasejs/9.9.1/firebase-firestore.js","firestore/lite":"https://www.gstatic.com/firebasejs/9.9.1/firebase-firestore/lite.js","installations":"https://www.gstatic.com/firebasejs/9.9.1/firebase-installations.js","storage":"https://www.gstatic.com/firebasejs/9.9.1/firebase-storage.js","performance":"https://www.gstatic.com/firebasejs/9.9.1/firebase-performance.js","remote-config":"https://www.gstatic.com/firebasejs/9.9.1/firebase-remote-config.js","messaging":"https://www.gstatic.com/firebasejs/9.9.1/firebase-messaging.js","messaging/sw":"https://www.gstatic.com/firebasejs/9.9.1/firebase-messaging/sw.js","database":"https://www.gstatic.com/firebasejs/9.9.1/firebase-database.js","firestore.memory":"https://www.gstatic.com/firebasejs/9.9.1/firebase-firestore.memory.js"}}
[info] +  Wrote build/index.html 
[info] 
[info] i  Didn't detect a .git folder. Assuming C:\Users\Coding 2\facebook-clone v.05\facebook-clone\fb-clone is the project root. 
[info] i  Authorizing with GitHub to upload your service account to a GitHub repository's secrets store. 
[info] 
[info] Visit this URL on this device to log in:
[info] https://github.com/login/oauth/authorize?client_id=89cf50f02ac6aaed3484&state=432441630&redirect_uri=http%3A%2F%2Flocalhost%3A9005&scope=read%3Auser%20repo%20public_repo
[info] 
[info] Waiting for authentication...
[debug] [2022-07-24T19:06:48.541Z] >>> [apiv2][query] POST https://github.com/login/oauth/access_token [none]
[debug] [2022-07-24T19:06:48.541Z] >>> [apiv2][body] POST https://github.com/login/oauth/access_token [stream]
[debug] [2022-07-24T19:06:48.716Z] <<< [apiv2][status] POST https://github.com/login/oauth/access_token 200
[debug] [2022-07-24T19:06:48.716Z] <<< [apiv2][body] POST https://github.com/login/oauth/access_token {"access_token":"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","token_type":"bearer","scope":"read:user,repo"}
[debug] [2022-07-24T19:06:48.721Z] >>> [apiv2][query] GET https://api.github.com/user [none]
[debug] [2022-07-24T19:06:48.946Z] <<< [apiv2][status] GET https://api.github.com/user 200
[debug] [2022-07-24T19:06:48.946Z] <<< [apiv2][body] GET https://api.github.com/user {"login":"EnterAUsernames","id":89676768,"node_id":"MDQ6VXNlcjg5Njc2NzY4","avatar_url":"https://avatars.githubusercontent.com/u/89676768?v=4","gravatar_id":"","url":"https://api.github.com/users/EnterAUsernames","html_url":"https://github.com/EnterAUsernames","followers_url":"https://api.github.com/users/EnterAUsernames/followers","following_url":"https://api.github.com/users/EnterAUsernames/following{/other_user}","gists_url":"https://api.github.com/users/EnterAUsernames/gists{/gist_id}","starred_url":"https://api.github.com/users/EnterAUsernames/starred{/owner}{/repo}","subscriptions_url":"https://api.github.com/users/EnterAUsernames/subscriptions","organizations_url":"https://api.github.com/users/EnterAUsernames/orgs","repos_url":"https://api.github.com/users/EnterAUsernames/repos","events_url":"https://api.github.com/users/EnterAUsernames/events{/privacy}","received_events_url":"https://api.github.com/users/EnterAUsernames/received_events","type":"User","site_admin":false,"name":null,"company":null,"blog":"","location":null,"email":null,"hireable":null,"bio":null,"twitter_username":null,"public_repos":1,"public_gists":0,"followers":1,"following":4,"created_at":"2021-08-28T04:14:22Z","updated_at":"2022-07-22T18:16:45Z","private_gists":0,"total_private_repos":2,"owned_private_repos":2,"disk_usage":2866,"collaborators":0,"two_factor_authentication":false,"plan":{"name":"free","space":976562499,"collaborators":0,"private_repos":10000}}
[info] 
[info] +  Success! Logged into GitHub as EnterAUsernames 
[info] 
